make all --print-data-base --no-builtin-variables --no-builtin-rules --question
# GNU Make 3.81
# Copyright (C) 2006  Free Software Foundation, Inc.
# This is free software; see the source for copying conditions.
# There is NO warranty; not even for MERCHANTABILITY or FITNESS FOR A
# PARTICULAR PURPOSE.

# This program built for i386-apple-darwin11.3.0
 

# Make data base, printed on Fri Aug 12 10:29:56 2022

# Variables

# automatic
<D = $(patsubst %/,%,$(dir $<))
# automatic
?F = $(notdir $?)
# makefile (from `Makefile', line 52)
OBJ = $(SRC:.cpp=.o)
# makefile (from `Makefile', line 16)
LINE_CLEAR = "\x1b[1A\x1b[M"
# makefile (from `Makefile', line 8)
GRAY = "\033[1;30m"
# makefile (from `Makefile', line 51)
SRC = $(addprefix $(FOLDER), $(SRC_LIST))
# environment
VSCODE_LOG_NATIVE = false
# automatic
?D = $(patsubst %/,%,$(dir $?))
# automatic
@D = $(patsubst %/,%,$(dir $@))
# automatic
@F = $(notdir $@)
# makefile
CURDIR := /Users/sanjeon/Desktop/webserv
# makefile
SHELL = /bin/sh
# makefile (from `Makefile', line 25)
RM = rm -f
# environment
VSCODE_NLS_CONFIG = {"locale":"ko","availableLanguages":{"*":"ko"},"_languagePackId":"26f3b44ea4f1e942cca002e9545643cc.ko","_translationsConfigFile":"/Users/sanjeon/Library/Application Support/Code/clp/26f3b44ea4f1e942cca002e9545643cc.ko/tcf.json","_cacheRoot":"/Users/sanjeon/Library/Application Support/Code/clp/26f3b44ea4f1e942cca002e9545643cc.ko","_resolvedLanguagePackCoreLocation":"/Users/sanjeon/Library/Application Support/Code/clp/26f3b44ea4f1e942cca002e9545643cc.ko/30d9c6cd9483b2cc586687151bcbcd635f373630","_corruptedFile":"/Users/sanjeon/Library/Application Support/Code/clp/26f3b44ea4f1e942cca002e9545643cc.ko/corrupted.info","_languagePackSupport":true}
# environment
_ = /usr/bin/make
# makefile (from `Makefile', line 1)
MAKEFILE_LIST :=  Makefile
# makefile (from `Makefile', line 23)
CXXFLAGS = -Wall -Werror -Wextra -std=c++98
# environment
VSCODE_VERBOSE_LOGGING = true
# environment
__CFBundleIdentifier = com.microsoft.VSCode
# environment
VSCODE_IPC_HOOK_EXTHOST = /var/folders/sh/_6fr2zc12ns406ln7f9sjln40000gn/T/vscode-ipc-2c500f47-9818-4138-819b-936a657ab691.sock
# environment
VSCODE_CWD = /
# environment
PATH = /usr/local/bin:/usr/bin:/bin:/usr/sbin:/sbin
# makefile (from `Makefile', line 24)
CXXDEBUG = -fsanitize=address -g
# environment
LaunchInstanceID = 329E56A9-504D-4821-9CDD-BA80F6D0E646
# environment
VSCODE_LOG_STACK = false
# environment
ELECTRON_RUN_AS_NODE = 1
# default
.FEATURES := target-specific order-only second-expansion else-if archives jobserver check-symlink
# makefile (from `Makefile', line 12)
PURPLE = "\033[0;35m"
# environment
SSH_AUTH_SOCK = /private/tmp/com.apple.launchd.KdQKRmKB24/Listeners
# automatic
%F = $(notdir $%)
# environment
VSCODE_PIPE_LOGGING = true
# environment
PWD = /Users/sanjeon/Desktop/webserv
# environment
ORIGINAL_XDG_CURRENT_DESKTOP = undefined
# makefile (from `Makefile', line 10)
GREEN = "\033[0;32m"
# environment
VSCODE_AMD_ENTRYPOINT = vs/workbench/api/node/extensionHostProcess
# environment
HOME = /Users/sanjeon
# default
MAKEFILEPATH = $(shell /usr/bin/xcode-select -print-path 2>/dev/null || echo /Developer)/Makefiles
# environment
VSCODE_CODE_CACHE_PATH = /Users/sanjeon/Library/Application Support/Code/CachedData/30d9c6cd9483b2cc586687151bcbcd635f373630
# environment
LOGNAME = sanjeon
# environment
APPLICATION_INSIGHTS_NO_DIAGNOSTIC_CHANNEL = 1
# environment
VSCODE_HANDLES_UNCAUGHT_ERRORS = true
# automatic
^D = $(patsubst %/,%,$(dir $^))
# environment
XPC_FLAGS = 0x0
# default
MAKE = $(MAKE_COMMAND)
# default
MAKECMDGOALS := all
# environment
SHLVL = 1
# makefile (from `Makefile', line 14)
WHITE = "\033[1;37m"
# default
MAKE_VERSION := 3.81
# environment
USER = sanjeon
# makefile
.DEFAULT_GOAL := webserv
# makefile (from `Makefile', line 31)
NAME = webserv
# automatic
%D = $(patsubst %/,%,$(dir $%))
# makefile (from `Makefile', line 33)
FOLDER = ./srcs/
# default
MAKE_COMMAND := /Library/Developer/CommandLineTools/usr/bin/make
# makefile (from `Makefile', line 15)
EOC = "\033[0;0m"
# default
.VARIABLES := 
# environment
TMPDIR = /var/folders/sh/_6fr2zc12ns406ln7f9sjln40000gn/T/
# automatic
*F = $(notdir $*)
 
# environment
VSCODE_IPC_HOOK = /Users/sanjeon/Library/Application Support/Code/1.68.1-main.sock
# makefile (from `Makefile', line 9)
RED = "\033[0;31m"
# makefile
MAKEFLAGS = Rrqp
# environment
MFLAGS = -Rrqp
# automatic
*D = $(patsubst %/,%,$(dir $*))
# makefile (from `Makefile', line 7)
BLACK = "\033[0;30m"
# environment
XPC_SERVICE_NAME = application.com.microsoft.VSCode.575979.575985
# automatic
+D = $(patsubst %/,%,$(dir $+))
# makefile (from `Makefile', line 11)
YELLOW = "\033[1;33m"
# makefile (from `Makefile', line 13)
CYAN = "\033[0;36m"
# automatic
+F = $(notdir $+)
# environment
__CF_USER_TEXT_ENCODING = 0x1F5:0x0:0x0
# environment
COMMAND_MODE = unix2003
# default
MAKEFILES := 
# automatic
<F = $(notdir $<)
# makefile (from `Makefile', line 22)
CXX = clang++
# environment
LC_ALL = C
# makefile (from `Makefile', line 32)
HEADER = ./includes/
# environment
SECURITYSESSIONID = 186a6
# automatic
^F = $(notdir $^)
# default
SUFFIXES := 
# makefile (from `Makefile', line 34)
SRC_LIST = main.cpp CGI.cpp Client.cpp Engine.cpp Exception.cpp File.cpp Logger.cpp Mimes.cpp Mutex.cpp Parser.cpp ReqContext.cpp Request.cpp Response.cpp ServContext.cpp Server.cpp StatusCodes.cpp Utilizer.cpp
# default
.INCLUDE_DIRS = /usr/local/include
# environment
MAKELEVEL := 0
# environment
LANG = C
# environment
VSCODE_PID = 398
# variable set hash-table stats:
# Load=84/1024=8%, Rehash=0, Collisions=4/122=3%

# Pattern-specific Variable Values

# No pattern-specific variable values.

# Directories

# . (device 16777220, inode 764738): 13 files, no impossibilities.
# srcs (device 16777220, inode 764846): 18 files, no impossibilities so far.

# 31 files, no impossibilities in 2 directories.

# Implicit Rules

%.o: %.cpp
#  commands to execute (from `Makefile', line 59):
	@echo $(YELLOW) "Compiling...\t" $< $(EOC) $(LINE_CLEAR)
	@$(CXX) $(CXXFLAGS) -I $(HEADER) -o $@ -c $<
	

# 1 implicit rules, 0 (0.0%) terminal.

# Files

# Not a target:
srcs/ServContext.o:
#  Implicit rule search has not been done.
#  Modification time never checked.
#  File has not been updated.

all: webserv
#  Phony target (prerequisite of .PHONY).
#  Command-line target.
#  Implicit rule search has not been done.
#  File does not exist.
#  File has been updated.
#  Needs to be updated (-q is set).
# variable set hash-table stats:
# Load=0/32=0%, Rehash=0, Collisions=0/8=0%

webserv: srcs/main.o srcs/CGI.o srcs/Client.o srcs/Engine.o srcs/Exception.o srcs/File.o srcs/Logger.o srcs/Mimes.o srcs/Mutex.o srcs/Parser.o srcs/ReqContext.o srcs/Request.o srcs/Response.o srcs/ServContext.o srcs/Server.o srcs/StatusCodes.o srcs/Utilizer.o
#  Implicit rule search has not been done.
#  File does not exist.
#  File has been updated.
#  Needs to be updated (-q is set).
# variable set hash-table stats:
# Load=0/32=0%, Rehash=0, Collisions=0/8=0%
#  commands to execute (from `Makefile', line 63):
	@echo $(GREEN) "Source files are compiled!\n\n" $(EOC)
	@echo $(YELLOW) "Building executable $(NAME)" $(EOC)
	@$(CXX) $(CXXFLAGS) -I $(HEADER) -o $(NAME) $(OBJ)
	@echo $(GREEN) "$(NAME) is created!\n" $(EOC)
	

.PHONY: all clean fclean re
#  Implicit rule search has not been done.
#  Modification time never checked.
#  File has not been updated.

# Not a target:
srcs/Utilizer.o:
#  Implicit rule search has not been done.
#  Modification time never checked.
#  File has not been updated.

# Not a target:
.SUFFIXES:
#  Implicit rule search has not been done.
#  Modification time never checked.
#  File has not been updated.

# Not a target:
Makefile:
#  Implicit rule search has been done.
#  Last modified 2022-08-08 07:45:15
#  File has been updated.
#  Successfully updated.
# variable set hash-table stats:
# Load=0/32=0%, Rehash=0, Collisions=0/0=0%

# Not a target:
srcs/Response.o:
#  Implicit rule search has not been done.
#  Modification time never checked.
#  File has not been updated.

# Not a target:
srcs/Mutex.o:
#  Implicit rule search has not been done.
#  Modification time never checked.
#  File has not been updated.

# Not a target:
srcs/Engine.o:
#  Implicit rule search has not been done.
#  Modification time never checked.
#  File has not been updated.

# Not a target:
srcs/CGI.o:
#  Implicit rule search has not been done.
#  Modification time never checked.
#  File has not been updated.

fclean: clean
#  Phony target (prerequisite of .PHONY).
#  Implicit rule search has not been done.
#  File does not exist.
#  File has not been updated.
#  commands to execute (from `Makefile', line 83):
	@echo $(YELLOW) "Removing $(NAME)..." $(EOC)
	@$(RM) $(NAME)
	@echo $(RED) "$(NAME) is removed!\n\n" $(EOC)
	

# Not a target:
srcs/main.cpp:
#  Implicit rule search has been done.
#  Last modified 2022-08-08 07:45:15
#  File has been updated.
#  Successfully updated.
# variable set hash-table stats:
# Load=0/32=0%, Rehash=0, Collisions=0/0=0%

# Not a target:
srcs/ReqContext.o:
#  Implicit rule search has not been done.
#  Modification time never checked.
#  File has not been updated.

# Not a target:
srcs/File.o:
#  Implicit rule search has not been done.
#  Modification time never checked.
#  File has not been updated.

# Not a target:
srcs/Logger.o:
#  Implicit rule search has not been done.
#  Modification time never checked.
#  File has not been updated.

# Not a target:
srcs/Client.o:
#  Implicit rule search has not been done.
#  Modification time never checked.
#  File has not been updated.

# Not a target:
.DEFAULT:
#  Implicit rule search has not been done.
#  Modification time never checked.
#  File has not been updated.

re: fclean all
#  Phony target (prerequisite of .PHONY).
#  Implicit rule search has not been done.
#  File does not exist.
#  File has not been updated.

clean:
#  Phony target (prerequisite of .PHONY).
#  Implicit rule search has not been done.
#  File does not exist.
#  File has not been updated.
#  commands to execute (from `Makefile', line 77):
	@echo $(YELLOW) "Cleaning object files..." $(EOC)
 
	@$(RM) $(OBJ)
	@echo $(RED) "Object files are cleaned!\n" $(EOC)
	

# Not a target:
srcs/Parser.o:
#  Implicit rule search has not been done.
#  Modification time never checked.
#  File has not been updated.

# Not a target:
srcs/StatusCodes.o:
#  Implicit rule search has not been done.
#  Modification time never checked.
#  File has not been updated.

# Not a target:
srcs/Server.o:
#  Implicit rule search has not been done.
#  Modification time never checked.
#  File has not been updated.

# Not a target:
srcs/Exception.o:
#  Implicit rule search has not been done.
#  Modification time never checked.
#  File has not been updated.

# Not a target:
srcs/Mimes.o:
#  Implicit rule search has not been done.
#  Modification time never checked.
#  File has not been updated.

srcs/main.o: srcs/main.cpp
#  Implicit rule search has been done.
#  Implicit/static pattern stem: `srcs/main'
#  File does not exist.
#  File has been updated.
#  Needs to be updated (-q is set).
# automatic
# @ := srcs/main.o
# automatic
# % := 
# automatic
# * := srcs/main
# automatic
# + := srcs/main.cpp
# automatic
# | := 
# automatic
# < := srcs/main.cpp
# automatic
# ^ := srcs/main.cpp
# automatic
# ? := srcs/main.cpp
# variable set hash-table stats:
# Load=8/32=25%, Rehash=0, Collisions=2/19=11%
#  commands to execute (from `Makefile', line 59):
	@echo $(YELLOW) "Compiling...\t" $< $(EOC) $(LINE_CLEAR)
	@$(CXX) $(CXXFLAGS) -I $(HEADER) -o $@ -c $<
	

# Not a target:
srcs/Request.o:
#  Implicit rule search has not been done.
#  Modification time never checked.
#  File has not been updated.

# files hash-table stats:
# Load=27/1024=3%, Rehash=0, Collisions=0/71=0%
# VPATH Search Paths

# No `vpath' search paths.

# No general (`VPATH' variable) search path.

# # of strings in strcache: 1
# # of strcache buffers: 1
# strcache size: total = 4096 / max = 4096 / min = 4096 / avg = 4096
# strcache free: total = 4087 / max = 4087 / min = 4087 / avg = 4087

# Finished Make data base on Fri Aug 12 10:29:56 2022

 
